photoSynq/manifest-merger-release-report.txt
-- Merging decision tree log ---
manifest
ADDED from AndroidManifest.xml:2:1
	xmlns:android
		ADDED from AndroidManifest.xml:2:11
	package
		ADDED from AndroidManifest.xml:3:5
		INJECTED from AndroidManifest.xml:0:0
		INJECTED from AndroidManifest.xml:0:0
	android:versionName
		ADDED from AndroidManifest.xml:6:5
		INJECTED from AndroidManifest.xml:0:0
		INJECTED from AndroidManifest.xml:0:0
	android:versionCode
		ADDED from AndroidManifest.xml:5:5
		INJECTED from AndroidManifest.xml:0:0
		INJECTED from AndroidManifest.xml:0:0
	android:installLocation
		ADDED from AndroidManifest.xml:4:5
uses-sdk
ADDED from AndroidManifest.xml:8:5
MERGED from com.embarkmobile:zxing-android-minimal:1.2.1:23:3
MERGED from com.google.android.gms:play-services:6.1.71:15:5
MERGED from com.android.support:support-v4:21.0.2:15:5
MERGED from com.android.support:support-v13:21.0.2:15:5
MERGED from com.android.support:support-v4:21.0.2:15:5
	android:targetSdkVersion
		ADDED from AndroidManifest.xml:10:9
		INJECTED from AndroidManifest.xml:0:0
		INJECTED from AndroidManifest.xml:0:0
	android:minSdkVersion
		ADDED from AndroidManifest.xml:9:9
		INJECTED from AndroidManifest.xml:0:0
		INJECTED from AndroidManifest.xml:0:0
uses-permission#android.permission.INTERNET
ADDED from AndroidManifest.xml:12:5
	android:name
		ADDED from AndroidManifest.xml:12:22
uses-permission#android.permission.ACCESS_NETWORK_STATE
ADDED from AndroidManifest.xml:13:5
	android:name
		ADDED from AndroidManifest.xml:13:22
uses-permission#android.permission.BLUETOOTH_ADMIN
ADDED from AndroidManifest.xml:14:5
	android:name
		ADDED from AndroidManifest.xml:14:22
uses-permission#android.permission.BLUETOOTH
ADDED from AndroidManifest.xml:15:5
	android:name
		ADDED from AndroidManifest.xml:15:22
uses-permission#android.permission.WRITE_EXTERNAL_STORAGE
ADDED from AndroidManifest.xml:16:5
	android:name
		ADDED from AndroidManifest.xml:16:22
uses-permission#android.permission.ACCESS_COARSE_LOCATION
ADDED from AndroidManifest.xml:17:5
	android:name
		ADDED from AndroidManifest.xml:17:22
uses-permission#android.permission.ACCESS_FINE_LOCATION
ADDED from AndroidManifest.xml:18:5
	android:name
		ADDED from AndroidManifest.xml:18:22
uses-permission#android.permission.CAMERA
ADDED from AndroidManifest.xml:19:5
MERGED from com.embarkmobile:zxing-android-minimal:1.2.1:19:3
	android:name
		ADDED from AndroidManifest.xml:19:22
uses-permission#android.permission.CLEAR_APP_CACHE
ADDED from AndroidManifest.xml:20:5
	android:name
		ADDED from AndroidManifest.xml:20:22
application
ADDED from AndroidManifest.xml:22:5
MERGED from com.embarkmobile:zxing-android-minimal:1.2.1:43:3
MERGED from com.google.android.gms:play-services:6.1.71:16:5
MERGED from com.android.support:support-v4:21.0.2:16:5
MERGED from com.android.support:support-v13:21.0.2:16:5
MERGED from com.android.support:support-v4:21.0.2:16:5
	android:allowBackup
		ADDED from AndroidManifest.xml:23:9
	android:icon
		ADDED from AndroidManifest.xml:24:9
	android:theme
		ADDED from AndroidManifest.xml:25:9
activity#com.photosynq.app.LoginActivity
ADDED from AndroidManifest.xml:26:9
	android:screenOrientation
		ADDED from AndroidManifest.xml:29:13
	android:noHistory
		ADDED from AndroidManifest.xml:30:13
	android:label
		ADDED from AndroidManifest.xml:28:13
	android:name
		ADDED from AndroidManifest.xml:27:13
intent-filter#android.intent.action.MAIN+android.intent.category.LAUNCHER
ADDED from AndroidManifest.xml:31:13
action#android.intent.action.MAIN
ADDED from AndroidManifest.xml:32:17
	android:name
		ADDED from AndroidManifest.xml:32:25
category#android.intent.category.LAUNCHER
ADDED from AndroidManifest.xml:34:17
	android:name
		ADDED from AndroidManifest.xml:34:27
activity#com.photosynq.app.ProjectListActivity
ADDED from AndroidManifest.xml:37:9
	android:screenOrientation
		ADDED from AndroidManifest.xml:40:13
	android:label
		ADDED from AndroidManifest.xml:39:13
	android:name
		ADDED from AndroidManifest.xml:38:13
activity#com.photosynq.app.ProjectDescriptionActivity
ADDED from AndroidManifest.xml:42:9
	android:screenOrientation
		ADDED from AndroidManifest.xml:45:13
	android:label
		ADDED from AndroidManifest.xml:44:13
	android:name
		ADDED from AndroidManifest.xml:43:13
activity#com.photosynq.app.DirectionsActivity
ADDED from AndroidManifest.xml:47:9
	android:screenOrientation
		ADDED from AndroidManifest.xml:50:13
	android:label
		ADDED from AndroidManifest.xml:49:13
	android:name
		ADDED from AndroidManifest.xml:48:13
activity#com.photosynq.app.BluetoothActivity
ADDED from AndroidManifest.xml:52:9
	android:screenOrientation
		ADDED from AndroidManifest.xml:55:13
	android:label
		ADDED from AndroidManifest.xml:54:13
	android:name
		ADDED from AndroidManifest.xml:53:13
activity#com.photosynq.app.NewMeasurmentActivity
ADDED from AndroidManifest.xml:57:9
	android:screenOrientation
		ADDED from AndroidManifest.xml:59:13
	android:label
		ADDED from AndroidManifest.xml:60:13
	android:parentActivityName
		ADDED from AndroidManifest.xml:61:13
	android:name
		ADDED from AndroidManifest.xml:58:13
activity#com.photosynq.app.DisplayResultsActivity
ADDED from AndroidManifest.xml:63:9
	android:screenOrientation
		ADDED from AndroidManifest.xml:65:13
	android:noHistory
		ADDED from AndroidManifest.xml:67:13
	android:label
		ADDED from AndroidManifest.xml:66:13
	android:name
		ADDED from AndroidManifest.xml:64:13
activity#com.photosynq.app.SelectProtocolActivity
ADDED from AndroidManifest.xml:69:9
	android:screenOrientation
		ADDED from AndroidManifest.xml:71:13
	android:label
		ADDED from AndroidManifest.xml:72:13
	android:name
		ADDED from AndroidManifest.xml:70:13
service#com.photosynq.app.AlarmService
ADDED from AndroidManifest.xml:75:9
	android:enabled
		ADDED from AndroidManifest.xml:77:13
	android:name
		ADDED from AndroidManifest.xml:76:13
receiver#com.photosynq.app.AlarmReceiver
ADDED from AndroidManifest.xml:79:9
	android:name
		ADDED from AndroidManifest.xml:79:19
meta-data#com.google.android.gms.version
ADDED from AndroidManifest.xml:81:9
	android:name
		ADDED from AndroidManifest.xml:82:13
	android:value
		ADDED from AndroidManifest.xml:83:13
activity#com.photosynq.app.StreamlinedModeActivity
ADDED from AndroidManifest.xml:85:9
	android:screenOrientation
		ADDED from AndroidManifest.xml:87:13
	android:label
		ADDED from AndroidManifest.xml:88:13
	android:name
		ADDED from AndroidManifest.xml:86:13
activity#com.photosynq.app.navigationDrawer.NavigationDrawer
ADDED from AndroidManifest.xml:90:9
	android:windowSoftInputMode
		ADDED from AndroidManifest.xml:93:13
	android:screenOrientation
		ADDED from AndroidManifest.xml:92:13
	android:name
		ADDED from AndroidManifest.xml:91:13
activity#com.google.zxing.client.android.CaptureActivity
ADDED from AndroidManifest.xml:95:9
MERGED from com.embarkmobile:zxing-android-minimal:1.2.1:44:7
	android:windowSoftInputMode
		ADDED from com.embarkmobile:zxing-android-minimal:1.2.1:44:291
	android:screenOrientation
		ADDED from com.embarkmobile:zxing-android-minimal:1.2.1:44:164
	android:configChanges
		ADDED from AndroidManifest.xml:98:13
		REJECTED from com.embarkmobile:zxing-android-minimal:1.2.1:44:50
	android:theme
		ADDED from com.embarkmobile:zxing-android-minimal:1.2.1:44:232
	android:stateNotNeeded
		ADDED from com.embarkmobile:zxing-android-minimal:1.2.1:44:202
	xmlns:tools
		ADDED from AndroidManifest.xml:96:13
	android:clearTaskOnLaunch
		ADDED from com.embarkmobile:zxing-android-minimal:1.2.1:44:17
	tools:replace
		ADDED from AndroidManifest.xml:99:13
	android:name
		ADDED from AndroidManifest.xml:97:13
uses-permission#android.permission.VIBRATE
ADDED from com.embarkmobile:zxing-android-minimal:1.2.1:20:3
	android:name
		ADDED from com.embarkmobile:zxing-android-minimal:1.2.1:20:20
uses-permission#android.permission.FLASHLIGHT
ADDED from com.embarkmobile:zxing-android-minimal:1.2.1:21:3
	android:name
		ADDED from com.embarkmobile:zxing-android-minimal:1.2.1:21:20
uses-feature#android.hardware.camera
ADDED from com.embarkmobile:zxing-android-minimal:1.2.1:26:3
	android:required
		ADDED from com.embarkmobile:zxing-android-minimal:1.2.1:26:56
	android:name
		ADDED from com.embarkmobile:zxing-android-minimal:1.2.1:26:17
uses-feature#android.hardware.camera.front
ADDED from com.embarkmobile:zxing-android-minimal:1.2.1:27:3
	android:required
		ADDED from com.embarkmobile:zxing-android-minimal:1.2.1:27:62
	android:name
		ADDED from com.embarkmobile:zxing-android-minimal:1.2.1:27:17
uses-feature#android.hardware.camera.autofocus
ADDED from com.embarkmobile:zxing-android-minimal:1.2.1:30:3
	android:required
		ADDED from com.embarkmobile:zxing-android-minimal:1.2.1:30:66
	android:name
		ADDED from com.embarkmobile:zxing-android-minimal:1.2.1:30:17
uses-feature#android.hardware.camera.flash
ADDED from com.embarkmobile:zxing-android-minimal:1.2.1:31:3
	android:required
		ADDED from com.embarkmobile:zxing-android-minimal:1.2.1:31:62
	android:name
		ADDED from com.embarkmobile:zxing-android-minimal:1.2.1:31:17
uses-feature#android.hardware.screen.landscape
ADDED from com.embarkmobile:zxing-android-minimal:1.2.1:32:3
	android:required
		ADDED from com.embarkmobile:zxing-android-minimal:1.2.1:32:66
	android:name
		ADDED from com.embarkmobile:zxing-android-minimal:1.2.1:32:17
uses-feature#android.hardware.wifi
ADDED from com.embarkmobile:zxing-android-minimal:1.2.1:33:3
	android:required
		ADDED from com.embarkmobile:zxing-android-minimal:1.2.1:33:54
	android:name
		ADDED from com.embarkmobile:zxing-android-minimal:1.2.1:33:17
supports-screens
ADDED from com.embarkmobile:zxing-android-minimal:1.2.1:37:3
	android:largeScreens
		ADDED from com.embarkmobile:zxing-android-minimal:1.2.1:38:21
	android:anyDensity
		ADDED from com.embarkmobile:zxing-android-minimal:1.2.1:41:21
	android:normalScreens
		ADDED from com.embarkmobile:zxing-android-minimal:1.2.1:39:21
	android:xlargeScreens
		ADDED from com.embarkmobile:zxing-android-minimal:1.2.1:37:21
	android:smallScreens
		ADDED from com.embarkmobile:zxing-android-minimal:1.2.1:40:21
activity#com.google.zxing.client.android.HelpActivity
ADDED from com.embarkmobile:zxing-android-minimal:1.2.1:45:7
	android:screenOrientation
		ADDED from com.embarkmobile:zxing-android-minimal:1.2.1:45:77
	android:name
		ADDED from com.embarkmobile:zxing-android-minimal:1.2.1:45:17